<?xml version="1.0" encoding="UTF-8"?>
<!-- Generated by org.testng.reporters.JUnitXMLReporter -->
<testsuite ignored="7" hostname="LAPTOP-FR304L32" failures="0" tests="1" name="Default test" time="4.274" errors="0" timestamp="2024-01-14T07:28:57 IST">
  <testcase classname="test.AddToCartTest" name="addSingleProductToCartAndVerifyIfUnitPricePlusShippingPriceIsEqualToOrderAmount" time="1.273"/>
  <testcase classname="test.AddToCartTest" name="verifyIfUserAbleToRemoveProductFromCart" time="0.0">
    <ignored/>
  </testcase> <!-- verifyIfUserAbleToRemoveProductFromCart -->
  <testcase classname="test.AddToCartTest" name="verifyIfProductDetailOnShoppingCartAreSimilarToProductAddedFromQuickViewTab" time="0.0">
    <ignored/>
  </testcase> <!-- verifyIfProductDetailOnShoppingCartAreSimilarToProductAddedFromQuickViewTab -->
  <testcase classname="test.AddToCartTest" name="verifyIfUserIsAbleToAddMultipleProductToCart" time="0.0">
    <ignored/>
  </testcase> <!-- verifyIfUserIsAbleToAddMultipleProductToCart -->
  <testcase classname="test.AddToCartTest" name="addTwoProductToCartAndVerifyIfUnitPricePlusShippingPriceIsEqualToOrderAmountAndVerifyIfSumOfOrderAmountIsEqualToCartAmount" time="0.0">
    <ignored/>
  </testcase> <!-- addTwoProductToCartAndVerifyIfUnitPricePlusShippingPriceIsEqualToOrderAmountAndVerifyIfSumOfOrderAmountIsEqualToCartAmount -->
  <testcase classname="test.AddToCartTest" name="VerifyProdutsDetailsDisplayedInProductSearchResultIsSimilarToDetailsDisplayedInQuickViewTab" time="0.0">
    <ignored/>
  </testcase> <!-- VerifyProdutsDetailsDisplayedInProductSearchResultIsSimilarToDetailsDisplayedInQuickViewTab -->
  <testcase classname="test.AddToCartTest" name="verifyIfUserIsAbleToAddProductToCartUsingQuickViewOption" time="0.0">
    <ignored/>
  </testcase> <!-- verifyIfUserIsAbleToAddProductToCartUsingQuickViewOption -->
  <testcase classname="test.AddToCartTest" name="verifyIfUserAbleToAddToCartUsingProductDescription" time="0.0">
    <ignored/>
  </testcase> <!-- verifyIfUserAbleToAddToCartUsingProductDescription -->
</testsuite> <!-- Default test -->
