<?xml version="1.0" encoding="UTF-8"?>
<!-- Generated by org.testng.reporters.JUnitXMLReporter -->
<testsuite ignored="3" hostname="LAPTOP-FR304L32" failures="0" tests="1" name="Default test" time="4.337" errors="0" timestamp="2024-01-08T19:06:50 IST">
  <testcase classname="test.AddToCartTest" name="verifyIfUserIsAbleToAddProductToCartUsingQuickViewOption" time="1.371"/>
  <testcase classname="test.AddToCartTest" name="verifyIfUserIsAbleToAddMultipleProductToCart" time="0.0">
    <ignored/>
  </testcase> <!-- verifyIfUserIsAbleToAddMultipleProductToCart -->
  <testcase classname="test.AddToCartTest" name="verifyIfUserAbleToRemoveProductFromCart" time="0.0">
    <ignored/>
  </testcase> <!-- verifyIfUserAbleToRemoveProductFromCart -->
  <testcase classname="test.AddToCartTest" name="verifyIfUserAbleToAddToCartUsingProductDescription" time="0.0">
    <ignored/>
  </testcase> <!-- verifyIfUserAbleToAddToCartUsingProductDescription -->
</testsuite> <!-- Default test -->
