<?xml version="1.0" encoding="UTF-8"?>
<testng-results ignored="0" total="1" passed="1" failed="0" skipped="0">
  <reporter-output>
  </reporter-output>
  <suite started-at="2024-01-08T19:06:46 IST" name="Default suite" finished-at="2024-01-08T19:06:50 IST" duration-ms="4337">
    <groups>
    </groups>
    <test started-at="2024-01-08T19:06:46 IST" name="Default test" finished-at="2024-01-08T19:06:50 IST" duration-ms="4337">
      <class name="test.AddToCartTest">
        <test-method is-config="true" signature="openApplication()[pri:0, instance:test.AddToCartTest@4d5650ae]" started-at="2024-01-08T19:06:46 IST" name="openApplication" finished-at="2024-01-08T19:06:49 IST" duration-ms="2920" status="PASS">
          <reporter-output>
          </reporter-output>
        </test-method> <!-- openApplication -->
        <test-method signature="verifyIfUserIsAbleToAddProductToCartUsingQuickViewOption()[pri:0, instance:test.AddToCartTest@4d5650ae]" started-at="2024-01-08T19:06:49 IST" name="verifyIfUserIsAbleToAddProductToCartUsingQuickViewOption" finished-at="2024-01-08T19:06:50 IST" duration-ms="1371" status="PASS">
          <reporter-output>
          </reporter-output>
        </test-method> <!-- verifyIfUserIsAbleToAddProductToCartUsingQuickViewOption -->
      </class> <!-- test.AddToCartTest -->
    </test> <!-- Default test -->
  </suite> <!-- Default suite -->
</testng-results>
